The system is: Windows - 10.0.18362 - AMD64
Compiling the C compiler identification source file "CMakeCCompilerId.c" succeeded.
Compiler: C:/Program Files (x86)/Microsoft Visual Studio/2019/Community/VC/Tools/MSVC/14.23.28105/bin/HostX64/x64/cl.exe 
Build flags: 
Id flags:  

The output was:
0
Microsoft (R) C/C++ Optimizing Compiler Version 19.23.28106.4 for x64
Copyright (C) Microsoft Corporation.  All rights reserved.

CMakeCCompilerId.c
Microsoft (R) Incremental Linker Version 14.23.28106.4
Copyright (C) Microsoft Corporation.  All rights reserved.

/out:CMakeCCompilerId.exe 
CMakeCCompilerId.obj 


Compilation of the C compiler identification source "CMakeCCompilerId.c" produced "CMakeCCompilerId.exe"

Compilation of the C compiler identification source "CMakeCCompilerId.c" produced "CMakeCCompilerId.obj"

The C compiler identification is MSVC, found in "C:/Users/gatzka/source/repos/gatzka/sclog/out/build/x64-Debug/CMakeFiles/3.15.19080502-MSVC_2/CompilerIdC/CMakeCCompilerId.exe"

Determining if the C compiler works passed with the following output:
Change Dir: C:/Users/gatzka/source/repos/gatzka/sclog/out/build/x64-Debug/CMakeFiles/CMakeTmp

Run Build Command(s):C:/Program Files (x86)/Microsoft Visual Studio/2019/Community/Common7/IDE/CommonExtensions/Microsoft/CMake/Ninja/ninja.exe cmTC_24efe && [1/2] Building C object CMakeFiles\cmTC_24efe.dir\testCCompiler.c.obj
[2/2] Linking C executable cmTC_24efe.exe



Detecting C compiler ABI info compiled with the following output:
Change Dir: C:/Users/gatzka/source/repos/gatzka/sclog/out/build/x64-Debug/CMakeFiles/CMakeTmp

Run Build Command(s):C:/Program Files (x86)/Microsoft Visual Studio/2019/Community/Common7/IDE/CommonExtensions/Microsoft/CMake/Ninja/ninja.exe cmTC_33ce7 && [1/2] Building C object CMakeFiles\cmTC_33ce7.dir\CMakeCCompilerABI.c.obj
[2/2] Linking C executable cmTC_33ce7.exe



Performing C SOURCE FILE Test COMPILER_HAS_DEPRECATED succeeded with the following output:
Change Dir: C:/Users/gatzka/source/repos/gatzka/sclog/out/build/x64-Debug/CMakeFiles/CMakeTmp

Run Build Command(s):C:/Program Files (x86)/Microsoft Visual Studio/2019/Community/Common7/IDE/CommonExtensions/Microsoft/CMake/Ninja/ninja.exe cmTC_47f02 && [1/2] Building C object CMakeFiles\cmTC_47f02.dir\src.c.obj
src.c(2): warning C4996: 'somefunc': was declared deprecated
src.c(1): note: see declaration of 'somefunc'
[2/2] Linking C executable cmTC_47f02.exe


Source file was:
__declspec(deprecated) int somefunc() { return 0; }
    int main() { return somefunc();}
